<?xml version="1.0" encoding="UTF-8" ?>
<testsuites>
  <testsuite errors="0" failures="0" hostname="purnachandra-b" id="0" name="PostIntegrationTests" package="com.grailsinaction" tests="3" time="0.109" timestamp="2013-06-05T10:08:23">
      <properties />

      <testcase classname="com.grailsinaction.PostIntegrationTests" name="testSomething" time="0.03" />

      <testcase classname="com.grailsinaction.PostIntegrationTests" name="testPostWithTags" time="0.016" />

      <testcase classname="com.grailsinaction.PostIntegrationTests" name="testAccessingPosts" time="0.057" />

      <system-out><![CDATA[--Output from testSomething--
Hibernate: select this_.id as id173_0_, this_.version as version173_0_, this_.date_created as date3_173_0_, this_.homepage as homepage173_0_, this_.password as password173_0_, this_.profile_id as profile6_173_0_, this_.user_id as user7_173_0_ from user this_ where this_.user_id=?
Hibernate: select this_.id as id173_0_, this_.version as version173_0_, this_.date_created as date3_173_0_, this_.homepage as homepage173_0_, this_.password as password173_0_, this_.profile_id as profile6_173_0_, this_.user_id as user7_173_0_ from user this_ where this_.user_id=?
Hibernate: insert into user (id, version, date_created, homepage, password, profile_id, user_id) values (null, ?, ?, ?, ?, ?, ?)
--Output from testPostWithTags--
Hibernate: select this_.id as id173_0_, this_.version as version173_0_, this_.date_created as date3_173_0_, this_.homepage as homepage173_0_, this_.password as password173_0_, this_.profile_id as profile6_173_0_, this_.user_id as user7_173_0_ from user this_ where this_.user_id=?
Hibernate: select this_.id as id173_0_, this_.version as version173_0_, this_.date_created as date3_173_0_, this_.homepage as homepage173_0_, this_.password as password173_0_, this_.profile_id as profile6_173_0_, this_.user_id as user7_173_0_ from user this_ where this_.user_id=?
Hibernate: insert into user (id, version, date_created, homepage, password, profile_id, user_id) values (null, ?, ?, ?, ?, ?, ?)
--Output from testAccessingPosts--
Hibernate: select this_.id as id173_0_, this_.version as version173_0_, this_.date_created as date3_173_0_, this_.homepage as homepage173_0_, this_.password as password173_0_, this_.profile_id as profile6_173_0_, this_.user_id as user7_173_0_ from user this_ where this_.user_id=?
Hibernate: select this_.id as id173_0_, this_.version as version173_0_, this_.date_created as date3_173_0_, this_.homepage as homepage173_0_, this_.password as password173_0_, this_.profile_id as profile6_173_0_, this_.user_id as user7_173_0_ from user this_ where this_.user_id=?
Hibernate: insert into user (id, version, date_created, homepage, password, profile_id, user_id) values (null, ?, ?, ?, ?, ?, ?)
]]></system-out>

      <system-err><![CDATA[--Output from testSomething--
--Output from testPostWithTags--
--Output from testAccessingPosts--
]]></system-err>

  </testsuite>
  <testsuite errors="0" failures="0" hostname="purnachandra-b" id="1" name="UserIntegrationTests" package="com.grailsinaction" tests="5" time="0.075" timestamp="2013-06-05T10:08:23">
      <properties />

      <testcase classname="com.grailsinaction.UserIntegrationTests" name="testSaveUser" time="0.014" />

      <testcase classname="com.grailsinaction.UserIntegrationTests" name="testSaveAndUpdate" time="0.013" />

      <testcase classname="com.grailsinaction.UserIntegrationTests" name="testSaveAndDelete" time="0.012" />

      <testcase classname="com.grailsinaction.UserIntegrationTests" name="testValidation" time="0.016" />

      <testcase classname="com.grailsinaction.UserIntegrationTests" name="testUseridPasswordNotSame" time="0.0080" />

      <system-out><![CDATA[--Output from testSaveUser--
Hibernate: select this_.id as id173_0_, this_.version as version173_0_, this_.date_created as date3_173_0_, this_.homepage as homepage173_0_, this_.password as password173_0_, this_.profile_id as profile6_173_0_, this_.user_id as user7_173_0_ from user this_ where this_.user_id=?
Hibernate: select this_.id as id173_0_, this_.version as version173_0_, this_.date_created as date3_173_0_, this_.homepage as homepage173_0_, this_.password as password173_0_, this_.profile_id as profile6_173_0_, this_.user_id as user7_173_0_ from user this_ where this_.user_id=?
Hibernate: insert into user (id, version, date_created, homepage, password, profile_id, user_id) values (null, ?, ?, ?, ?, ?, ?)
--Output from testSaveAndUpdate--
Hibernate: select this_.id as id173_0_, this_.version as version173_0_, this_.date_created as date3_173_0_, this_.homepage as homepage173_0_, this_.password as password173_0_, this_.profile_id as profile6_173_0_, this_.user_id as user7_173_0_ from user this_ where this_.user_id=?
Hibernate: select this_.id as id173_0_, this_.version as version173_0_, this_.date_created as date3_173_0_, this_.homepage as homepage173_0_, this_.password as password173_0_, this_.profile_id as profile6_173_0_, this_.user_id as user7_173_0_ from user this_ where this_.user_id=?
Hibernate: insert into user (id, version, date_created, homepage, password, profile_id, user_id) values (null, ?, ?, ?, ?, ?, ?)
Hibernate: select this_.id as id173_0_, this_.version as version173_0_, this_.date_created as date3_173_0_, this_.homepage as homepage173_0_, this_.password as password173_0_, this_.profile_id as profile6_173_0_, this_.user_id as user7_173_0_ from user this_ where this_.user_id=?
--Output from testSaveAndDelete--
Hibernate: select this_.id as id173_0_, this_.version as version173_0_, this_.date_created as date3_173_0_, this_.homepage as homepage173_0_, this_.password as password173_0_, this_.profile_id as profile6_173_0_, this_.user_id as user7_173_0_ from user this_ where this_.user_id=?
Hibernate: select this_.id as id173_0_, this_.version as version173_0_, this_.date_created as date3_173_0_, this_.homepage as homepage173_0_, this_.password as password173_0_, this_.profile_id as profile6_173_0_, this_.user_id as user7_173_0_ from user this_ where this_.user_id=?
Hibernate: insert into user (id, version, date_created, homepage, password, profile_id, user_id) values (null, ?, ?, ?, ?, ?, ?)
Hibernate: delete from user where id=? and version=?
Hibernate: select count(*) as y0_ from user this_ where this_.id = ?
--Output from testValidation--
Hibernate: select this_.id as id173_0_, this_.version as version173_0_, this_.date_created as date3_173_0_, this_.homepage as homepage173_0_, this_.password as password173_0_, this_.profile_id as profile6_173_0_, this_.user_id as user7_173_0_ from user this_ where this_.user_id=?
--Output from testUseridPasswordNotSame--
Hibernate: select this_.id as id173_0_, this_.version as version173_0_, this_.date_created as date3_173_0_, this_.homepage as homepage173_0_, this_.password as password173_0_, this_.profile_id as profile6_173_0_, this_.user_id as user7_173_0_ from user this_ where this_.user_id=?
]]></system-out>

      <system-err><![CDATA[--Output from testSaveUser--
--Output from testSaveAndUpdate--
--Output from testSaveAndDelete--
--Output from testValidation--
--Output from testUseridPasswordNotSame--
]]></system-err>

  </testsuite>
  <testsuite errors="0" failures="0" hostname="purnachandra-b" id="2" name="QueryIntegrationTests" package="hubbub" tests="2" time="0.084" timestamp="2013-06-05T10:08:23">
      <properties />

      <testcase classname="hubbub.QueryIntegrationTests" name="testBasicDynamicFinders" time="0.043" />

      <testcase classname="hubbub.QueryIntegrationTests" name="testQueryByExample" time="0.037" />

      <system-out><![CDATA[--Output from testBasicDynamicFinders--
Hibernate: select this_.id as id173_0_, this_.version as version173_0_, this_.date_created as date3_173_0_, this_.homepage as homepage173_0_, this_.password as password173_0_, this_.profile_id as profile6_173_0_, this_.user_id as user7_173_0_ from user this_ where this_.user_id=?
Hibernate: insert into profile (id, version, bio, country, email, full_name, homepage, jabber_address, photo, timezone) values (null, ?, ?, ?, ?, ?, ?, ?, ?, ?)
Hibernate: select this_.id as id173_0_, this_.version as version173_0_, this_.date_created as date3_173_0_, this_.homepage as homepage173_0_, this_.password as password173_0_, this_.profile_id as profile6_173_0_, this_.user_id as user7_173_0_ from user this_ where this_.user_id=?
Hibernate: insert into user (id, version, date_created, homepage, password, profile_id, user_id) values (null, ?, ?, ?, ?, ?, ?)
Hibernate: select this_.id as id173_0_, this_.version as version173_0_, this_.date_created as date3_173_0_, this_.homepage as homepage173_0_, this_.password as password173_0_, this_.profile_id as profile6_173_0_, this_.user_id as user7_173_0_ from user this_ where this_.user_id=?
Hibernate: insert into profile (id, version, bio, country, email, full_name, homepage, jabber_address, photo, timezone) values (null, ?, ?, ?, ?, ?, ?, ?, ?, ?)
Hibernate: select this_.id as id173_0_, this_.version as version173_0_, this_.date_created as date3_173_0_, this_.homepage as homepage173_0_, this_.password as password173_0_, this_.profile_id as profile6_173_0_, this_.user_id as user7_173_0_ from user this_ where this_.user_id=?
Hibernate: insert into user (id, version, date_created, homepage, password, profile_id, user_id) values (null, ?, ?, ?, ?, ?, ?)
Hibernate: select this_.id as id173_0_, this_.version as version173_0_, this_.date_created as date3_173_0_, this_.homepage as homepage173_0_, this_.password as password173_0_, this_.profile_id as profile6_173_0_, this_.user_id as user7_173_0_ from user this_ where this_.password=? limit ?
Hibernate: select this_.id as id173_0_, this_.version as version173_0_, this_.date_created as date3_173_0_, this_.homepage as homepage173_0_, this_.password as password173_0_, this_.profile_id as profile6_173_0_, this_.user_id as user7_173_0_ from user this_ where this_.user_id=? and this_.password=? limit ?
Hibernate: select this_.id as id173_0_, this_.version as version173_0_, this_.date_created as date3_173_0_, this_.homepage as homepage173_0_, this_.password as password173_0_, this_.profile_id as profile6_173_0_, this_.user_id as user7_173_0_ from user this_ where this_.date_created between ? and ?
Hibernate: select this_.id as id175_0_, this_.version as version175_0_, this_.bio as bio175_0_, this_.country as country175_0_, this_.email as email175_0_, this_.full_name as full6_175_0_, this_.homepage as homepage175_0_, this_.jabber_address as jabber8_175_0_, this_.photo as photo175_0_, this_.timezone as timezone175_0_ from profile this_ where this_.email is not null
--Output from testQueryByExample--
Hibernate: select this_.id as id173_0_, this_.version as version173_0_, this_.date_created as date3_173_0_, this_.homepage as homepage173_0_, this_.password as password173_0_, this_.profile_id as profile6_173_0_, this_.user_id as user7_173_0_ from user this_ where this_.user_id=?
Hibernate: select this_.id as id173_0_, this_.version as version173_0_, this_.date_created as date3_173_0_, this_.homepage as homepage173_0_, this_.password as password173_0_, this_.profile_id as profile6_173_0_, this_.user_id as user7_173_0_ from user this_ where this_.user_id=?
Hibernate: insert into user (id, version, date_created, homepage, password, profile_id, user_id) values (null, ?, ?, ?, ?, ?, ?)
Hibernate: select this_.id as id173_0_, this_.version as version173_0_, this_.date_created as date3_173_0_, this_.homepage as homepage173_0_, this_.password as password173_0_, this_.profile_id as profile6_173_0_, this_.user_id as user7_173_0_ from user this_ where this_.user_id=?
Hibernate: select this_.id as id173_0_, this_.version as version173_0_, this_.date_created as date3_173_0_, this_.homepage as homepage173_0_, this_.password as password173_0_, this_.profile_id as profile6_173_0_, this_.user_id as user7_173_0_ from user this_ where this_.user_id=?
Hibernate: insert into user (id, version, date_created, homepage, password, profile_id, user_id) values (null, ?, ?, ?, ?, ?, ?)
Hibernate: select this_.id as id173_0_, this_.version as version173_0_, this_.date_created as date3_173_0_, this_.homepage as homepage173_0_, this_.password as password173_0_, this_.profile_id as profile6_173_0_, this_.user_id as user7_173_0_ from user this_ where this_.user_id=?
Hibernate: select this_.id as id173_0_, this_.version as version173_0_, this_.date_created as date3_173_0_, this_.homepage as homepage173_0_, this_.password as password173_0_, this_.profile_id as profile6_173_0_, this_.user_id as user7_173_0_ from user this_ where this_.user_id=?
Hibernate: insert into user (id, version, date_created, homepage, password, profile_id, user_id) values (null, ?, ?, ?, ?, ?, ?)
Hibernate: select this_.id as id173_0_, this_.version as version173_0_, this_.date_created as date3_173_0_, this_.homepage as homepage173_0_, this_.password as password173_0_, this_.profile_id as profile6_173_0_, this_.user_id as user7_173_0_ from user this_ where (lower(this_.user_id)=?) limit ?
Hibernate: select this_.id as id173_0_, this_.version as version173_0_, this_.date_created as date3_173_0_, this_.homepage as homepage173_0_, this_.password as password173_0_, this_.profile_id as profile6_173_0_, this_.user_id as user7_173_0_ from user this_ where (lower(this_.user_id)=?) limit ?
Hibernate: select this_.id as id173_0_, this_.version as version173_0_, this_.date_created as date3_173_0_, this_.homepage as homepage173_0_, this_.password as password173_0_, this_.profile_id as profile6_173_0_, this_.user_id as user7_173_0_ from user this_ where (lower(this_.password)=?)
]]></system-out>

      <system-err><![CDATA[--Output from testBasicDynamicFinders--
--Output from testQueryByExample--
]]></system-err>

  </testsuite>
</testsuites>
