<?xml version="1.0" encoding="UTF-8" ?>
<testsuite errors="0" failures="1" hostname="purnachandra-b" name="com.grailsinaction.UserIntegrationTests" tests="5" time="0.117" timestamp="2013-06-04T12:21:24">
  <properties />
  <testcase classname="com.grailsinaction.UserIntegrationTests" name="testSaveUser" time="0.019" />
  <testcase classname="com.grailsinaction.UserIntegrationTests" name="testSaveAndUpdate" time="0.01" />
  <testcase classname="com.grailsinaction.UserIntegrationTests" name="testSaveAndDelete" time="0.01" />
  <testcase classname="com.grailsinaction.UserIntegrationTests" name="testValidation" time="0.016" />
  <testcase classname="com.grailsinaction.UserIntegrationTests" name="testUseridPasswordNotSame" time="0.052">
    <failure message="java.lang.AssertionError" type="junit.framework.AssertionFailedError">junit.framework.AssertionFailedError: java.lang.AssertionError
	at com.grailsinaction.UserIntegrationTests.testUseridPasswordNotSame(UserIntegrationTests.groovy:64)
</failure>
  </testcase>
  <system-out><![CDATA[--Output from testSaveUser--
--Output from testSaveAndUpdate--
--Output from testSaveAndDelete--
--Output from testValidation--
--Output from testUseridPasswordNotSame--
]]></system-out>
  <system-err><![CDATA[--Output from testSaveUser--
--Output from testSaveAndUpdate--
--Output from testSaveAndDelete--
--Output from testValidation--
--Output from testUseridPasswordNotSame--
]]></system-err>
</testsuite>
