Testsuite: com.grailsinaction.UserIntegrationTests
Tests run: 5, Failures: 1, Errors: 0, Time elapsed: 0.117 sec
------------- Standard Output ---------------
--Output from testSaveUser--
--Output from testSaveAndUpdate--
--Output from testSaveAndDelete--
--Output from testValidation--
--Output from testUseridPasswordNotSame--
------------- ---------------- ---------------
------------- Standard Error -----------------
--Output from testSaveUser--
--Output from testSaveAndUpdate--
--Output from testSaveAndDelete--
--Output from testValidation--
--Output from testUseridPasswordNotSame--
------------- ---------------- ---------------

Testcase: testSaveUser took 0.019 sec
Testcase: testSaveAndUpdate took 0.01 sec
Testcase: testSaveAndDelete took 0.01 sec
Testcase: testValidation took 0.016 sec
Testcase: testUseridPasswordNotSame took 0.052 sec
	FAILED
java.lang.AssertionError
junit.framework.AssertionFailedError: java.lang.AssertionError
	at com.grailsinaction.UserIntegrationTests.testUseridPasswordNotSame(UserIntegrationTests.groovy:64)

